mode: set
github.com/hbouvier/httpclient/client.go:22.90,23.20 1 0
github.com/hbouvier/httpclient/client.go:26.2,27.15 2 0
github.com/hbouvier/httpclient/client.go:23.20,25.3 1 0
github.com/hbouvier/httpclient/client.go:30.65,32.2 1 0
github.com/hbouvier/httpclient/client.go:34.84,36.2 1 0
github.com/hbouvier/httpclient/client.go:38.83,40.2 1 0
github.com/hbouvier/httpclient/client.go:42.86,44.2 1 0
github.com/hbouvier/httpclient/client.go:48.102,50.29 2 0
github.com/hbouvier/httpclient/client.go:53.2,54.25 2 0
github.com/hbouvier/httpclient/client.go:58.2,58.9 1 0
github.com/hbouvier/httpclient/client.go:83.2,84.106 2 0
github.com/hbouvier/httpclient/client.go:87.2,87.167 1 0
github.com/hbouvier/httpclient/client.go:50.29,52.3 1 0
github.com/hbouvier/httpclient/client.go:54.25,56.3 1 0
github.com/hbouvier/httpclient/client.go:59.2,60.96 1 0
github.com/hbouvier/httpclient/client.go:63.3,63.12 1 0
github.com/hbouvier/httpclient/client.go:64.2,66.111 2 0
github.com/hbouvier/httpclient/client.go:69.3,69.124 1 0
github.com/hbouvier/httpclient/client.go:70.2,72.105 2 0
github.com/hbouvier/httpclient/client.go:75.3,75.109 1 0
github.com/hbouvier/httpclient/client.go:76.2,78.110 2 0
github.com/hbouvier/httpclient/client.go:81.3,81.168 1 0
github.com/hbouvier/httpclient/client.go:60.96,62.4 1 0
github.com/hbouvier/httpclient/client.go:66.111,68.4 1 0
github.com/hbouvier/httpclient/client.go:72.105,74.4 1 0
github.com/hbouvier/httpclient/client.go:78.110,80.4 1 0
github.com/hbouvier/httpclient/client.go:84.106,86.3 1 0
github.com/hbouvier/httpclient/client.go:89.58,92.31 2 1
github.com/hbouvier/httpclient/client.go:104.2,104.24 1 1
github.com/hbouvier/httpclient/client.go:93.2,94.28 1 0
github.com/hbouvier/httpclient/client.go:95.2,96.20 1 0
github.com/hbouvier/httpclient/client.go:97.2,100.30 3 1
github.com/hbouvier/httpclient/client.go:100.30,102.4 1 0
github.com/hbouvier/httpclient/client.go:107.98,110.25 3 0
github.com/hbouvier/httpclient/client.go:113.2,113.39 1 0
github.com/hbouvier/httpclient/client.go:116.2,116.29 1 0
github.com/hbouvier/httpclient/client.go:119.2,120.26 2 0
github.com/hbouvier/httpclient/client.go:124.2,126.22 3 0
github.com/hbouvier/httpclient/client.go:129.2,129.31 1 0
github.com/hbouvier/httpclient/client.go:110.25,112.3 1 0
github.com/hbouvier/httpclient/client.go:113.39,115.3 1 0
github.com/hbouvier/httpclient/client.go:116.29,118.3 1 0
github.com/hbouvier/httpclient/client.go:120.26,122.3 1 0
github.com/hbouvier/httpclient/client.go:126.22,128.3 1 0
github.com/hbouvier/httpclient/client.go:132.70,133.31 1 1
github.com/hbouvier/httpclient/client.go:143.2,143.12 1 1
github.com/hbouvier/httpclient/client.go:134.2,135.31 1 0
github.com/hbouvier/httpclient/client.go:136.2,137.23 1 0
github.com/hbouvier/httpclient/client.go:138.2,139.91 1 1
github.com/hbouvier/httpclient/client.go:139.91,141.4 1 0
github.com/hbouvier/httpclient/marshalling.go:8.79,10.2 1 0
github.com/hbouvier/httpclient/marshalling.go:12.41,14.2 1 0
github.com/hbouvier/httpclient/marshalling.go:16.51,18.2 1 0
github.com/hbouvier/httpclient/marshalling.go:20.47,23.2 2 0
github.com/hbouvier/httpclient/network.go:8.67,10.2 1 0
github.com/hbouvier/httpclient/network.go:12.37,14.2 1 0
github.com/hbouvier/httpclient/network.go:16.43,18.2 1 0
github.com/hbouvier/httpclient/network.go:20.43,23.2 2 0
github.com/hbouvier/httpclient/notFound.go:7.49,9.2 1 0
github.com/hbouvier/httpclient/notFound.go:11.38,13.2 1 0
github.com/hbouvier/httpclient/notFound.go:14.47,17.2 2 0
github.com/hbouvier/httpclient/ok.go:5.25,7.2 1 0
github.com/hbouvier/httpclient/ok.go:9.33,10.16 1 0
github.com/hbouvier/httpclient/ok.go:10.16,12.3 1 0
github.com/hbouvier/httpclient/ok.go:12.3,14.3 1 0
github.com/hbouvier/httpclient/authentication.go:7.61,9.2 1 1
github.com/hbouvier/httpclient/authentication.go:11.44,13.2 1 1
github.com/hbouvier/httpclient/authentication.go:15.50,18.2 2 1
github.com/hbouvier/httpclient/serverFailure.go:10.75,12.2 1 0
github.com/hbouvier/httpclient/serverFailure.go:14.43,16.2 1 0
github.com/hbouvier/httpclient/serverFailure.go:18.49,21.2 2 0
github.com/hbouvier/httpclient/unmarshalling.go:8.85,10.2 1 0
github.com/hbouvier/httpclient/unmarshalling.go:12.43,14.2 1 0
github.com/hbouvier/httpclient/unmarshalling.go:16.55,18.2 1 0
github.com/hbouvier/httpclient/unmarshalling.go:20.49,23.2 2 0
github.com/hbouvier/httpclient/notOk.go:10.59,12.2 1 0
github.com/hbouvier/httpclient/notOk.go:14.35,16.2 1 0
github.com/hbouvier/httpclient/notOk.go:17.41,20.2 2 0
